Reading netlist file: "C:\Users\yusuf\Desktop\FPGA\Projects\chronometer_with_7_segment_display\impl\gwsynthesis\chronometer_with_7_segment_display.vg"
Parsing netlist file "C:\Users\yusuf\Desktop\FPGA\Projects\chronometer_with_7_segment_display\impl\gwsynthesis\chronometer_with_7_segment_display.vg" completed
Processing netlist completed
Reading constraint file: "C:\Users\yusuf\Desktop\FPGA\Projects\chronometer_with_7_segment_display\src\chronometer_with_7_segment_display.cst"
Physical Constraint parsed completed
Running placement......
[10%] Placement Phase 0 completed
[20%] Placement Phase 1 completed
[30%] Placement Phase 2 completed
[50%] Placement Phase 3 completed
Running routing......
[60%] Routing Phase 0 completed
[70%] Routing Phase 1 completed
[80%] Routing Phase 2 completed
WARN  (PR1014) : Generic routing resource will be used to clock signal 'clk_d' by the specified constraint. And then it may lead to the excessive delay or skew
[90%] Routing Phase 3 completed
Running timing analysis......
[95%] Timing analysis completed
Placement and routing completed
Bitstream generation in progress......
Bitstream generation completed
Running power analysis......
[100%] Power analysis completed
Generate file "C:\Users\yusuf\Desktop\FPGA\Projects\chronometer_with_7_segment_display\impl\pnr\chronometer_with_7_segment_display.power.html" completed
Generate file "C:\Users\yusuf\Desktop\FPGA\Projects\chronometer_with_7_segment_display\impl\pnr\chronometer_with_7_segment_display.pin.html" completed
Generate file "C:\Users\yusuf\Desktop\FPGA\Projects\chronometer_with_7_segment_display\impl\pnr\chronometer_with_7_segment_display.rpt.html" completed
Generate file "C:\Users\yusuf\Desktop\FPGA\Projects\chronometer_with_7_segment_display\impl\pnr\chronometer_with_7_segment_display.rpt.txt" completed
Generate file "C:\Users\yusuf\Desktop\FPGA\Projects\chronometer_with_7_segment_display\impl\pnr\chronometer_with_7_segment_display.tr.html" completed
Sun Jan 18 18:51:05 2026

