Reading netlist file: "C:\Users\yusuf\Desktop\FPGA\Projects\WS2812_RGB_led_PWE_driver\impl\gwsynthesis\WS2812_RGB_led_PWE_driver.vg"
Parsing netlist file "C:\Users\yusuf\Desktop\FPGA\Projects\WS2812_RGB_led_PWE_driver\impl\gwsynthesis\WS2812_RGB_led_PWE_driver.vg" completed
Processing netlist completed
Reading constraint file: "C:\Users\yusuf\Desktop\FPGA\Projects\WS2812_RGB_led_PWE_driver\src\WS2812_RGB_led_PWE_driver.cst"
Physical Constraint parsed completed
Running placement......
[10%] Placement Phase 0 completed
[20%] Placement Phase 1 completed
[30%] Placement Phase 2 completed
[50%] Placement Phase 3 completed
Running routing......
[60%] Routing Phase 0 completed
[70%] Routing Phase 1 completed
[80%] Routing Phase 2 completed
WARN  (PR1014) : Generic routing resource will be used to clock signal 'clk_d' by the specified constraint. And then it may lead to the excessive delay or skew
[90%] Routing Phase 3 completed
Running timing analysis......
[95%] Timing analysis completed
Placement and routing completed
Bitstream generation in progress......
Bitstream generation completed
Running power analysis......
[100%] Power analysis completed
Generate file "C:\Users\yusuf\Desktop\FPGA\Projects\WS2812_RGB_led_PWE_driver\impl\pnr\WS2812_RGB_led_PWE_driver.power.html" completed
Generate file "C:\Users\yusuf\Desktop\FPGA\Projects\WS2812_RGB_led_PWE_driver\impl\pnr\WS2812_RGB_led_PWE_driver.pin.html" completed
Generate file "C:\Users\yusuf\Desktop\FPGA\Projects\WS2812_RGB_led_PWE_driver\impl\pnr\WS2812_RGB_led_PWE_driver.rpt.html" completed
Generate file "C:\Users\yusuf\Desktop\FPGA\Projects\WS2812_RGB_led_PWE_driver\impl\pnr\WS2812_RGB_led_PWE_driver.rpt.txt" completed
Generate file "C:\Users\yusuf\Desktop\FPGA\Projects\WS2812_RGB_led_PWE_driver\impl\pnr\WS2812_RGB_led_PWE_driver.tr.html" completed
Wed Jan 21 00:02:20 2026

