GowinSynthesis start
Running parser ...
Analyzing VHDL file 'C:\Users\yusuf\Desktop\FPGA\Projects\led_counter_with_timer\src\led_counter.vhd'
Analyzing entity 'led_counter'("C:\Users\yusuf\Desktop\FPGA\Projects\led_counter_with_timer\src\led_counter.vhd":6)
Analyzing architecture 'behavioral'("C:\Users\yusuf\Desktop\FPGA\Projects\led_counter_with_timer\src\led_counter.vhd":17)
Processing 'led_counter(Behavioral)'("C:\Users\yusuf\Desktop\FPGA\Projects\led_counter_with_timer\src\led_counter.vhd":6)
NOTE  (EX0101) : Current top module is "led_counter"
[5%] Running netlist conversion ...
Running device independent optimization ...
[10%] Optimizing Phase 0 completed
[15%] Optimizing Phase 1 completed
[25%] Optimizing Phase 2 completed
Running inference ...
[30%] Inferring Phase 0 completed
[40%] Inferring Phase 1 completed
[50%] Inferring Phase 2 completed
[55%] Inferring Phase 3 completed
Running technical mapping ...
[60%] Tech-Mapping Phase 0 completed
[65%] Tech-Mapping Phase 1 completed
[75%] Tech-Mapping Phase 2 completed
[80%] Tech-Mapping Phase 3 completed
[90%] Tech-Mapping Phase 4 completed
[95%] Generate netlist file "C:\Users\yusuf\Desktop\FPGA\Projects\led_counter_with_timer\impl\gwsynthesis\led_counter_with_timer.vg" completed
[100%] Generate report file "C:\Users\yusuf\Desktop\FPGA\Projects\led_counter_with_timer\impl\gwsynthesis\led_counter_with_timer_syn.rpt.html" completed
GowinSynthesis finish
