GowinSynthesis start
Running parser ...
Analyzing VHDL file 'C:\Users\yusuf\Desktop\FPGA\Projects\WS2812_RGB_led_PWE_driver\src\ws2812_driver.vhd'
Analyzing entity 'ws2812'("C:\Users\yusuf\Desktop\FPGA\Projects\WS2812_RGB_led_PWE_driver\src\ws2812_driver.vhd":5)
Analyzing architecture 'behavioral'("C:\Users\yusuf\Desktop\FPGA\Projects\WS2812_RGB_led_PWE_driver\src\ws2812_driver.vhd":16)
Analyzing VHDL file 'C:\Users\yusuf\Desktop\FPGA\Projects\WS2812_RGB_led_PWE_driver\src\top_modul.vhd'
Analyzing entity 'top_modul'("C:\Users\yusuf\Desktop\FPGA\Projects\WS2812_RGB_led_PWE_driver\src\top_modul.vhd":6)
Analyzing architecture 'behavioral'("C:\Users\yusuf\Desktop\FPGA\Projects\WS2812_RGB_led_PWE_driver\src\top_modul.vhd":14)
Processing 'top_modul(Behavioral)'("C:\Users\yusuf\Desktop\FPGA\Projects\WS2812_RGB_led_PWE_driver\src\top_modul.vhd":6)
Processing 'ws2812(Behavioral)'("C:\Users\yusuf\Desktop\FPGA\Projects\WS2812_RGB_led_PWE_driver\src\ws2812_driver.vhd":5)
NOTE  (EX0101) : Current top module is "top_modul"
[5%] Running netlist conversion ...
Running device independent optimization ...
[10%] Optimizing Phase 0 completed
[15%] Optimizing Phase 1 completed
[25%] Optimizing Phase 2 completed
Running inference ...
[30%] Inferring Phase 0 completed
[40%] Inferring Phase 1 completed
[50%] Inferring Phase 2 completed
[55%] Inferring Phase 3 completed
Running technical mapping ...
[60%] Tech-Mapping Phase 0 completed
[65%] Tech-Mapping Phase 1 completed
[75%] Tech-Mapping Phase 2 completed
[80%] Tech-Mapping Phase 3 completed
[90%] Tech-Mapping Phase 4 completed
[95%] Generate netlist file "C:\Users\yusuf\Desktop\FPGA\Projects\WS2812_RGB_led_PWE_driver\impl\gwsynthesis\WS2812_RGB_led_PWE_driver.vg" completed
[100%] Generate report file "C:\Users\yusuf\Desktop\FPGA\Projects\WS2812_RGB_led_PWE_driver\impl\gwsynthesis\WS2812_RGB_led_PWE_driver_syn.rpt.html" completed
GowinSynthesis finish
